2017-10-14 19:27:07 [127.0.0.1][-][-][error][yii\web\HttpException:404] exception 'yii\base\InvalidRouteException' with message 'Unable to resolve the request "site/index".' in C:\OpenServer\domains\BaxtliDiyor.uz\vendor\yiisoft\yii2\base\Module.php:532
Stack trace:
#0 C:\OpenServer\domains\BaxtliDiyor.uz\vendor\yiisoft\yii2\web\Application.php(102): yii\base\Module->runAction('site/index', Array)
#1 C:\OpenServer\domains\BaxtliDiyor.uz\vendor\yiisoft\yii2\base\Application.php(380): yii\web\Application->handleRequest(Object(yii\web\Request))
#2 C:\OpenServer\domains\BaxtliDiyor.uz\web\index.php(12): yii\base\Application->run()
#3 {main}

Next exception 'yii\web\NotFoundHttpException' with message 'Page not found.' in C:\OpenServer\domains\BaxtliDiyor.uz\vendor\yiisoft\yii2\web\Application.php:114
Stack trace:
#0 C:\OpenServer\domains\BaxtliDiyor.uz\vendor\yiisoft\yii2\base\Application.php(380): yii\web\Application->handleRequest(Object(yii\web\Request))
#1 C:\OpenServer\domains\BaxtliDiyor.uz\web\index.php(12): yii\base\Application->run()
#2 {main}
2017-10-14 19:27:07 [127.0.0.1][-][-][info][application] $_GET = [
    'r' => 'site/index'
]

$_COOKIE = [
    'wp-settings-1' => 'mfold=o&libraryContent=browse'
    'wp-settings-time-1' => '1505643802'
    '_ga' => 'GA1.2.1023208686.1507650592'
    'PHPSESSID' => 'mtr5iivn8el57ovd0j49n3ibg6'
    '_csrf' => '6b4793c185e8565579d5be079709b3868f905ca240856f09709f79c93a6a4eeaa:2:{i:0;s:5:\"_csrf\";i:1;s:32:\"PsrNo3XYVhlpm2oWFARTs8woAWaPLqkv\";}'
    '_gid' => 'GA1.2.820803735.1507986050'
]

$_SERVER = [
    'HTTP_HOST' => 'baxtlidiyor.uz'
    'HTTP_USER_AGENT' => 'Mozilla/5.0 (Windows NT 6.3; WOW64; rv:25.0) Gecko/20100101 Firefox/25.0'
    'HTTP_ACCEPT' => 'text/html,application/xhtml+xml,application/xml;q=0.9,*/*;q=0.8'
    'HTTP_ACCEPT_LANGUAGE' => 'ru-RU,ru;q=0.8,en-US;q=0.5,en;q=0.3'
    'HTTP_ACCEPT_ENCODING' => 'gzip, deflate'
    'HTTP_REFERER' => 'http://baxtlidiyor.uz/'
    'HTTP_COOKIE' => 'wp-settings-1=mfold%3Do%26libraryContent%3Dbrowse; wp-settings-time-1=1505643802; _ga=GA1.2.1023208686.1507650592; PHPSESSID=mtr5iivn8el57ovd0j49n3ibg6; _csrf=6b4793c185e8565579d5be079709b3868f905ca240856f09709f79c93a6a4eeaa%3A2%3A%7Bi%3A0%3Bs%3A5%3A%22_csrf%22%3Bi%3A1%3Bs%3A32%3A%22PsrNo3XYVhlpm2oWFARTs8woAWaPLqkv%22%3B%7D; _gid=GA1.2.820803735.1507986050'
    'HTTP_CONNECTION' => 'keep-alive'
    'PATH' => 'c:\\openserver\\modules\\php\\PHP-5.5\\ext;c:\\openserver\\modules\\php\\PHP-5.5\\pear;c:\\openserver\\modules\\php\\PHP-5.5\\pear\\bin;c:\\openserver\\modules\\php\\PHP-5.5;c:\\openserver\\modules\\wget\\bin;c:\\openserver\\modules\\database\\MySQL-5.5\\bin;c:\\openserver\\modules\\http\\Apache-2.4\\bin;c:\\openserver\\modules\\http\\Apache-2.4;C:\\Windows\\system32;C:\\Windows;C:\\Windows\\system32\\Wbem;C:\\Windows\\SysWOW64'
    'SystemRoot' => 'C:\\Windows'
    'COMSPEC' => 'C:\\Windows\\system32\\cmd.exe'
    'PATHEXT' => '.COM;.EXE;.BAT;.CMD;.VBS;.VBE;.JS;.JSE;.WSF;.WSH;.MSC'
    'WINDIR' => 'C:\\Windows'
    'SERVER_SIGNATURE' => ''
    'SERVER_SOFTWARE' => 'Apache'
    'SERVER_NAME' => 'baxtlidiyor.uz'
    'SERVER_ADDR' => '127.0.0.1'
    'SERVER_PORT' => '80'
    'REMOTE_ADDR' => '127.0.0.1'
    'DOCUMENT_ROOT' => 'C:/OpenServer/domains/BaxtliDiyor.uz'
    'REQUEST_SCHEME' => 'http'
    'CONTEXT_PREFIX' => ''
    'CONTEXT_DOCUMENT_ROOT' => 'C:/OpenServer/domains/BaxtliDiyor.uz'
    'SERVER_ADMIN' => '[no address given]'
    'SCRIPT_FILENAME' => 'C:/OpenServer/domains/BaxtliDiyor.uz/web/index.php'
    'REMOTE_PORT' => '7416'
    'GATEWAY_INTERFACE' => 'CGI/1.1'
    'SERVER_PROTOCOL' => 'HTTP/1.1'
    'REQUEST_METHOD' => 'GET'
    'QUERY_STRING' => 'r=site%2Findex'
    'REQUEST_URI' => '/web/index.php?r=site%2Findex'
    'SCRIPT_NAME' => '/web/index.php'
    'PHP_SELF' => '/web/index.php'
    'REQUEST_TIME_FLOAT' => 1507998427.834
    'REQUEST_TIME' => 1507998427
    'argv' => [
        0 => 'r=site%2Findex'
    ]
    'argc' => 1
]
2017-10-14 19:27:12 [127.0.0.1][-][-][error][yii\web\HttpException:404] exception 'yii\base\InvalidRouteException' with message 'Unable to resolve the request "".' in C:\OpenServer\domains\BaxtliDiyor.uz\vendor\yiisoft\yii2\base\Module.php:532
Stack trace:
#0 C:\OpenServer\domains\BaxtliDiyor.uz\vendor\yiisoft\yii2\web\Application.php(102): yii\base\Module->runAction('', Array)
#1 C:\OpenServer\domains\BaxtliDiyor.uz\vendor\yiisoft\yii2\base\Application.php(380): yii\web\Application->handleRequest(Object(yii\web\Request))
#2 C:\OpenServer\domains\BaxtliDiyor.uz\web\index.php(12): yii\base\Application->run()
#3 {main}

Next exception 'yii\web\NotFoundHttpException' with message 'Page not found.' in C:\OpenServer\domains\BaxtliDiyor.uz\vendor\yiisoft\yii2\web\Application.php:114
Stack trace:
#0 C:\OpenServer\domains\BaxtliDiyor.uz\vendor\yiisoft\yii2\base\Application.php(380): yii\web\Application->handleRequest(Object(yii\web\Request))
#1 C:\OpenServer\domains\BaxtliDiyor.uz\web\index.php(12): yii\base\Application->run()
#2 {main}
2017-10-14 19:27:12 [127.0.0.1][-][-][info][application] $_COOKIE = [
    'wp-settings-1' => 'mfold=o&libraryContent=browse'
    'wp-settings-time-1' => '1505643802'
    '_ga' => 'GA1.2.1023208686.1507650592'
    'PHPSESSID' => 'mtr5iivn8el57ovd0j49n3ibg6'
    '_csrf' => '6b4793c185e8565579d5be079709b3868f905ca240856f09709f79c93a6a4eeaa:2:{i:0;s:5:\"_csrf\";i:1;s:32:\"PsrNo3XYVhlpm2oWFARTs8woAWaPLqkv\";}'
    '_gid' => 'GA1.2.820803735.1507986050'
]

$_SERVER = [
    'REDIRECT_STATUS' => '200'
    'HTTP_HOST' => 'baxtlidiyor.uz'
    'HTTP_USER_AGENT' => 'Mozilla/5.0 (Windows NT 6.3; WOW64; rv:25.0) Gecko/20100101 Firefox/25.0'
    'HTTP_ACCEPT' => 'text/html,application/xhtml+xml,application/xml;q=0.9,*/*;q=0.8'
    'HTTP_ACCEPT_LANGUAGE' => 'ru-RU,ru;q=0.8,en-US;q=0.5,en;q=0.3'
    'HTTP_ACCEPT_ENCODING' => 'gzip, deflate'
    'HTTP_COOKIE' => 'wp-settings-1=mfold%3Do%26libraryContent%3Dbrowse; wp-settings-time-1=1505643802; _ga=GA1.2.1023208686.1507650592; PHPSESSID=mtr5iivn8el57ovd0j49n3ibg6; _csrf=6b4793c185e8565579d5be079709b3868f905ca240856f09709f79c93a6a4eeaa%3A2%3A%7Bi%3A0%3Bs%3A5%3A%22_csrf%22%3Bi%3A1%3Bs%3A32%3A%22PsrNo3XYVhlpm2oWFARTs8woAWaPLqkv%22%3B%7D; _gid=GA1.2.820803735.1507986050'
    'HTTP_CONNECTION' => 'keep-alive'
    'PATH' => 'c:\\openserver\\modules\\php\\PHP-5.5\\ext;c:\\openserver\\modules\\php\\PHP-5.5\\pear;c:\\openserver\\modules\\php\\PHP-5.5\\pear\\bin;c:\\openserver\\modules\\php\\PHP-5.5;c:\\openserver\\modules\\wget\\bin;c:\\openserver\\modules\\database\\MySQL-5.5\\bin;c:\\openserver\\modules\\http\\Apache-2.4\\bin;c:\\openserver\\modules\\http\\Apache-2.4;C:\\Windows\\system32;C:\\Windows;C:\\Windows\\system32\\Wbem;C:\\Windows\\SysWOW64'
    'SystemRoot' => 'C:\\Windows'
    'COMSPEC' => 'C:\\Windows\\system32\\cmd.exe'
    'PATHEXT' => '.COM;.EXE;.BAT;.CMD;.VBS;.VBE;.JS;.JSE;.WSF;.WSH;.MSC'
    'WINDIR' => 'C:\\Windows'
    'SERVER_SIGNATURE' => ''
    'SERVER_SOFTWARE' => 'Apache'
    'SERVER_NAME' => 'baxtlidiyor.uz'
    'SERVER_ADDR' => '127.0.0.1'
    'SERVER_PORT' => '80'
    'REMOTE_ADDR' => '127.0.0.1'
    'DOCUMENT_ROOT' => 'C:/OpenServer/domains/BaxtliDiyor.uz'
    'REQUEST_SCHEME' => 'http'
    'CONTEXT_PREFIX' => ''
    'CONTEXT_DOCUMENT_ROOT' => 'C:/OpenServer/domains/BaxtliDiyor.uz'
    'SERVER_ADMIN' => '[no address given]'
    'SCRIPT_FILENAME' => 'C:/OpenServer/domains/BaxtliDiyor.uz/web/index.php'
    'REMOTE_PORT' => '7417'
    'REDIRECT_URL' => '/'
    'GATEWAY_INTERFACE' => 'CGI/1.1'
    'SERVER_PROTOCOL' => 'HTTP/1.1'
    'REQUEST_METHOD' => 'GET'
    'QUERY_STRING' => ''
    'REQUEST_URI' => '/'
    'SCRIPT_NAME' => '/web/index.php'
    'PHP_SELF' => '/web/index.php'
    'REQUEST_TIME_FLOAT' => 1507998432.417
    'REQUEST_TIME' => 1507998432
    'argv' => []
    'argc' => 0
]
